Couple #1: 10 possible names
JAMARY
JAMERY
JAMEY
JARY
JAY
MAMES
MARAMES
MARES
MAS
MES

Couple #2: 0 possible names

Couple #3: 0 possible names

Couple #4: 8 possible names
AEY
AEYY
AY
AYY
YA
YEA
YYA
YYEA

Couple #5: 0 possible names

Couple #6: 0 possible names

Couple #7: 3 possible names
EAB
EAEB
EB

Couple #8: 4 possible names
HI
HJI
HJKI
HJKMI

Couple #9: 0 possible names

Couple #10: 0 possible names

Couple #11: 212 possible names
AB
ABZMGHSKIDHRVB
ADHRVB
AGHSKIDHRVB
AHRVB
AHSKIDHRVB
AJDIDHRVB
AJDUB
AJDUBZMGHSKIDHRVB
AJDUDHRVB
AJDUFHEB
AJDUFHEBIDHRVB
AJDUFHEBNCIDHRVB
AJDUFHEBNCLIDHRVB
AJDUFHEBNCLOB
AJDUFHEBNCLOBZMGHSKIDHRVB
AJDUFHEBNCLODHRVB
AJDUFHEBNCLOGHSKIDHRVB
AJDUFHEBNCLOHRVB
AJDUFHEBNCLOHSKIDHRVB
AJDUFHEBNCLOJUQYXBZMGHSKIDHRVB
AJDUFHEBNCLOKIDHRVB
AJDUFHEBNCLOMGHSKIDHRVB
AJDUFHEBNCLOQYXBZMGHSKIDHRVB
AJDUFHEBNCLORVB
AJDUFHEBNCLOSKIDHRVB
AJDUFHEBNCLOVB
AJDUFHEBNCLOXBZMGHSKIDHRVB
AJDUFHEBNCLOYIDHRVB
AJDUFHEBNCLOYPFIDHRVB
AJDUFHEBNCLOYPFJFIDHRVB
AJDUFHEBNCLOYPFJFTIDHRVB
AJDUFHEBNCLOYPFJFTRIDHRVB
AJDUFHEBNCLOYPFJFTRUJUQYXBZMGHSKIDHRVB
AJDUFHEBNCLOYPFJFTRUQYXBZMGHSKIDHRVB
AJDUFHEBNCLOYPFJFTUJUQYXBZMGHSKIDHRVB
AJDUFHEBNCLOYPFJFTUQYXBZMGHSKIDHRVB
AJDUFHEBNCLOYPFJFUJUQYXBZMGHSKIDHRVB
AJDUFHEBNCLOYPFJFUQYXBZMGHSKIDHRVB
AJDUFHEBNCLOYPFJIDHRVB
AJDUFHEBNCLOYPFJUJUQYXBZMGHSKIDHRVB
AJDUFHEBNCLOYPFJUQYXBZMGHSKIDHRVB
AJDUFHEBNCLOYPFUJUQYXBZMGHSKIDHRVB
AJDUFHEBNCLOYPFUQYXBZMGHSKIDHRVB
AJDUFHEBNCLOYPIDHRVB
AJDUFHEBNCLOYPUJUQYXBZMGHSKIDHRVB
AJDUFHEBNCLOYPUQYXBZMGHSKIDHRVB
AJDUFHEBNCLOYUJUQYXBZMGHSKIDHRVB
AJDUFHEBNCLOYUQYXBZMGHSKIDHRVB
AJDUFHEBNCLOYXBZMGHSKIDHRVB
AJDUFHEBNCLOZMGHSKIDHRVB
AJDUFHEBNCLUJUQYXBZMGHSKIDHRVB
AJDUFHEBNCLUQYXBZMGHSKIDHRVB
AJDUFHEBNCUJUQYXBZMGHSKIDHRVB
AJDUFHEBNCUQYXBZMGHSKIDHRVB
AJDUFHEBNIDHRVB
AJDUFHEBNUJUQYXBZMGHSKIDHRVB
AJDUFHEBNUQYXBZMGHSKIDHRVB
AJDUFHEBUJUQYXBZMGHSKIDHRVB
AJDUFHEBUQYXBZMGHSKIDHRVB
AJDUFHEBZMGHSKIDHRVB
AJDUFHEDHRVB
AJDUFHEGHSKIDHRVB
AJDUFHEHRVB
AJDUFHEHSKIDHRVB
AJDUFHEJUQYXBZMGHSKIDHRVB
AJDUFHEKIDHRVB
AJDUFHEMGHSKIDHRVB
AJDUFHEQYXBZMGHSKIDHRVB
AJDUFHERVB
AJDUFHESKIDHRVB
AJDUFHEVB
AJDUFHEXBZMGHSKIDHRVB
AJDUFHEYXBZMGHSKIDHRVB
AJDUFHEZMGHSKIDHRVB
AJDUFHIDHRVB
AJDUFHUJUQYXBZMGHSKIDHRVB
AJDUFHUQYXBZMGHSKIDHRVB
AJDUFIDHRVB
AJDUFUJUQYXBZMGHSKIDHRVB
AJDUFUQYXBZMGHSKIDHRVB
AJDUGHSKIDHRVB
AJDUHRVB
AJDUHSKIDHRVB
AJDUJUQYXBZMGHSKIDHRVB
AJDUKIDHRVB
AJDUMGHSKIDHRVB
AJDUQYXBZMGHSKIDHRVB
AJDURVB
AJDUSKIDHRVB
AJDUVB
AJDUXBZMGHSKIDHRVB
AJDUYXBZMGHSKIDHRVB
AJDUZMGHSKIDHRVB
AJIDHRVB
AJUJUQYXBZMGHSKIDHRVB
AJUQYXBZMGHSKIDHRVB
AKIDHRVB
AMGHSKIDHRVB
AQYXBZMGHSKIDHRVB
ARVB
ASKIDHRVB
AVB
AXBZMGHSKIDHRVB
AYXBZMGHSKIDHRVB
AZMGHSKIDHRVB
GEBNCLOYPFJFTRI
GI
GOYPFJFTRI
GUBNCLOYPFJFTRI
GUCLOYPFJFTRI
GUDUFHEBNCLOYPFJFTRI
GUFHEBNCLOYPFJFTRI
GUFJFTRI
GUFTRI
GUHEBNCLOYPFJFTRI
GUJDUFHEBNCLOYPFJFTRI
GUJEBNCLOYPFJFTRI
GUJFTRI
GUJI
GUJOYPFJFTRI
GUJUBNCLOYPFJFTRI
GUJUCLOYPFJFTRI
GUJUDUFHEBNCLOYPFJFTRI
GUJUFHEBNCLOYPFJFTRI
GUJUFJFTRI
GUJUFTRI
GUJUHEBNCLOYPFJFTRI
GUJUJDUFHEBNCLOYPFJFTRI
GUJUJFTRI
GUJULOYPFJFTRI
GUJUNCLOYPFJFTRI
GUJUPFJFTRI
GUJUQEBNCLOYPFJFTRI
GUJUQI
GUJUQOYPFJFTRI
GUJUQUFHEBNCLOYPFJFTRI
GUJUQYEBNCLOYPFJFTRI
GUJUQYI
GUJUQYOYPFJFTRI
GUJUQYUFHEBNCLOYPFJFTRI
GUJUQYXBEBNCLOYPFJFTRI
GUJUQYXBI
GUJUQYXBOYPFJFTRI
GUJUQYXBUFHEBNCLOYPFJFTRI
GUJUQYXBZEBNCLOYPFJFTRI
GUJUQYXBZI
GUJUQYXBZMEBNCLOYPFJFTRI
GUJUQYXBZMGEBNCLOYPFJFTRI
GUJUQYXBZMGHEBNCLOYPFJFTRI
GUJUQYXBZMGHI
GUJUQYXBZMGHOYPFJFTRI
GUJUQYXBZMGHSEBNCLOYPFJFTRI
GUJUQYXBZMGHSI
GUJUQYXBZMGHSKEBNCLOYPFJFTRI
GUJUQYXBZMGHSKI
GUJUQYXBZMGHSKIBNCLOYPFJFTRI
GUJUQYXBZMGHSKICLOYPFJFTRI
GUJUQYXBZMGHSKIDEBNCLOYPFJFTRI
GUJUQYXBZMGHSKIDHEBNCLOYPFJFTRI
GUJUQYXBZMGHSKIDHI
GUJUQYXBZMGHSKIDHOYPFJFTRI
GUJUQYXBZMGHSKIDHREBNCLOYPFJFTRI
GUJUQYXBZMGHSKIDHRI
GUJUQYXBZMGHSKIDHROYPFJFTRI
GUJUQYXBZMGHSKIDHRUFHEBNCLOYPFJFTRI
GUJUQYXBZMGHSKIDHRVEBNCLOYPFJFTRI
GUJUQYXBZMGHSKIDHRVI
GUJUQYXBZMGHSKIDHRVOYPFJFTRI
GUJUQYXBZMGHSKIDHRVUFHEBNCLOYPFJFTRI
GUJUQYXBZMGHSKIDHUFHEBNCLOYPFJFTRI
GUJUQYXBZMGHSKIDI
GUJUQYXBZMGHSKIDOYPFJFTRI
GUJUQYXBZMGHSKIDUFHEBNCLOYPFJFTRI
GUJUQYXBZMGHSKIFHEBNCLOYPFJFTRI
GUJUQYXBZMGHSKIFJFTRI
GUJUQYXBZMGHSKIFTRI
GUJUQYXBZMGHSKIHEBNCLOYPFJFTRI
GUJUQYXBZMGHSKIJDUFHEBNCLOYPFJFTRI
GUJUQYXBZMGHSKIJFTRI
GUJUQYXBZMGHSKILOYPFJFTRI
GUJUQYXBZMGHSKINCLOYPFJFTRI
GUJUQYXBZMGHSKIPFJFTRI
GUJUQYXBZMGHSKIRI
GUJUQYXBZMGHSKITRI
GUJUQYXBZMGHSKIYPFJFTRI
GUJUQYXBZMGHSKOYPFJFTRI
GUJUQYXBZMGHSKUFHEBNCLOYPFJFTRI
GUJUQYXBZMGHSOYPFJFTRI
GUJUQYXBZMGHSUFHEBNCLOYPFJFTRI
GUJUQYXBZMGHUFHEBNCLOYPFJFTRI
GUJUQYXBZMGI
GUJUQYXBZMGOYPFJFTRI
GUJUQYXBZMGUFHEBNCLOYPFJFTRI
GUJUQYXBZMI
GUJUQYXBZMOYPFJFTRI
GUJUQYXBZMUFHEBNCLOYPFJFTRI
GUJUQYXBZOYPFJFTRI
GUJUQYXBZUFHEBNCLOYPFJFTRI
GUJUQYXEBNCLOYPFJFTRI
GUJUQYXI
GUJUQYXOYPFJFTRI
GUJUQYXUFHEBNCLOYPFJFTRI
GUJURI
GUJUTRI
GUJUYPFJFTRI
GULOYPFJFTRI
GUNCLOYPFJFTRI
GUPFJFTRI
GURI
GUTRI
GUYPFJFTRI

Couple #12: 360 possible names
AHAHAHAHAHAHAHAHAHALO
AHAHAHAHAHAHAHAHAHALOLO
AHAHAHAHAHAHAHAHAHALOLOLO
AHAHAHAHAHAHAHAHAHALOLOLOLO
AHAHAHAHAHAHAHAHAHALOLOLOLOLO
AHAHAHAHAHAHAHAHAHALOLOLOLOLOLO
AHAHAHAHAHAHAHAHAHALOLOLOLOLOLOLO
AHAHAHAHAHAHAHAHAHALOLOLOLOLOLOLOLO
AHAHAHAHAHAHAHAHAHALOLOLOLOLOLOLOLOLO
AHAHAHAHAHAHAHAHAHO
AHAHAHAHAHAHAHAHAHOLO
AHAHAHAHAHAHAHAHAHOLOLO
AHAHAHAHAHAHAHAHAHOLOLOLO
AHAHAHAHAHAHAHAHAHOLOLOLOLO
AHAHAHAHAHAHAHAHAHOLOLOLOLOLO
AHAHAHAHAHAHAHAHAHOLOLOLOLOLOLO
AHAHAHAHAHAHAHAHAHOLOLOLOLOLOLOLO
AHAHAHAHAHAHAHAHAHOLOLOLOLOLOLOLOLO
AHAHAHAHAHAHAHAHAHOLOLOLOLOLOLOLOLOLO
AHAHAHAHAHAHAHAHALO
AHAHAHAHAHAHAHAHALOLO
AHAHAHAHAHAHAHAHALOLOLO
AHAHAHAHAHAHAHAHALOLOLOLO
AHAHAHAHAHAHAHAHALOLOLOLOLO
AHAHAHAHAHAHAHAHALOLOLOLOLOLO
AHAHAHAHAHAHAHAHALOLOLOLOLOLOLO
AHAHAHAHAHAHAHAHALOLOLOLOLOLOLOLO
AHAHAHAHAHAHAHAHALOLOLOLOLOLOLOLOLO
AHAHAHAHAHAHAHAHO
AHAHAHAHAHAHAHAHOLO
AHAHAHAHAHAHAHAHOLOLO
AHAHAHAHAHAHAHAHOLOLOLO
AHAHAHAHAHAHAHAHOLOLOLOLO
AHAHAHAHAHAHAHAHOLOLOLOLOLO
AHAHAHAHAHAHAHAHOLOLOLOLOLOLO
AHAHAHAHAHAHAHAHOLOLOLOLOLOLOLO
AHAHAHAHAHAHAHAHOLOLOLOLOLOLOLOLO
AHAHAHAHAHAHAHAHOLOLOLOLOLOLOLOLOLO
AHAHAHAHAHAHAHALO
AHAHAHAHAHAHAHALOLO
AHAHAHAHAHAHAHALOLOLO
AHAHAHAHAHAHAHALOLOLOLO
AHAHAHAHAHAHAHALOLOLOLOLO
AHAHAHAHAHAHAHALOLOLOLOLOLO
AHAHAHAHAHAHAHALOLOLOLOLOLOLO
AHAHAHAHAHAHAHALOLOLOLOLOLOLOLO
AHAHAHAHAHAHAHALOLOLOLOLOLOLOLOLO
AHAHAHAHAHAHAHO
AHAHAHAHAHAHAHOLO
AHAHAHAHAHAHAHOLOLO
AHAHAHAHAHAHAHOLOLOLO
AHAHAHAHAHAHAHOLOLOLOLO
AHAHAHAHAHAHAHOLOLOLOLOLO
AHAHAHAHAHAHAHOLOLOLOLOLOLO
AHAHAHAHAHAHAHOLOLOLOLOLOLOLO
AHAHAHAHAHAHAHOLOLOLOLOLOLOLOLO
AHAHAHAHAHAHAHOLOLOLOLOLOLOLOLOLO
AHAHAHAHAHAHALO
AHAHAHAHAHAHALOLO
AHAHAHAHAHAHALOLOLO
AHAHAHAHAHAHALOLOLOLO
AHAHAHAHAHAHALOLOLOLOLO
AHAHAHAHAHAHALOLOLOLOLOLO
AHAHAHAHAHAHALOLOLOLOLOLOLO
AHAHAHAHAHAHALOLOLOLOLOLOLOLO
AHAHAHAHAHAHALOLOLOLOLOLOLOLOLO
AHAHAHAHAHAHO
AHAHAHAHAHAHOLO
AHAHAHAHAHAHOLOLO
AHAHAHAHAHAHOLOLOLO
AHAHAHAHAHAHOLOLOLOLO
AHAHAHAHAHAHOLOLOLOLOLO
AHAHAHAHAHAHOLOLOLOLOLOLO
AHAHAHAHAHAHOLOLOLOLOLOLOLO
AHAHAHAHAHAHOLOLOLOLOLOLOLOLO
AHAHAHAHAHAHOLOLOLOLOLOLOLOLOLO
AHAHAHAHAHALO
AHAHAHAHAHALOLO
AHAHAHAHAHALOLOLO
AHAHAHAHAHALOLOLOLO
AHAHAHAHAHALOLOLOLOLO
AHAHAHAHAHALOLOLOLOLOLO
AHAHAHAHAHALOLOLOLOLOLOLO
AHAHAHAHAHALOLOLOLOLOLOLOLO
AHAHAHAHAHALOLOLOLOLOLOLOLOLO
AHAHAHAHAHO
AHAHAHAHAHOLO
AHAHAHAHAHOLOLO
AHAHAHAHAHOLOLOLO
AHAHAHAHAHOLOLOLOLO
AHAHAHAHAHOLOLOLOLOLO
AHAHAHAHAHOLOLOLOLOLOLO
AHAHAHAHAHOLOLOLOLOLOLOLO
AHAHAHAHAHOLOLOLOLOLOLOLOLO
AHAHAHAHAHOLOLOLOLOLOLOLOLOLO
AHAHAHAHALO
AHAHAHAHALOLO
AHAHAHAHALOLOLO
AHAHAHAHALOLOLOLO
AHAHAHAHALOLOLOLOLO
AHAHAHAHALOLOLOLOLOLO
AHAHAHAHALOLOLOLOLOLOLO
AHAHAHAHALOLOLOLOLOLOLOLO
AHAHAHAHALOLOLOLOLOLOLOLOLO
AHAHAHAHO
AHAHAHAHOLO
AHAHAHAHOLOLO
AHAHAHAHOLOLOLO
AHAHAHAHOLOLOLOLO
AHAHAHAHOLOLOLOLOLO
AHAHAHAHOLOLOLOLOLOLO
AHAHAHAHOLOLOLOLOLOLOLO
AHAHAHAHOLOLOLOLOLOLOLOLO
AHAHAHAHOLOLOLOLOLOLOLOLOLO
AHAHAHALO
AHAHAHALOLO
AHAHAHALOLOLO
AHAHAHALOLOLOLO
AHAHAHALOLOLOLOLO
AHAHAHALOLOLOLOLOLO
AHAHAHALOLOLOLOLOLOLO
AHAHAHALOLOLOLOLOLOLOLO
AHAHAHALOLOLOLOLOLOLOLOLO
AHAHAHO
AHAHAHOLO
AHAHAHOLOLO
AHAHAHOLOLOLO
AHAHAHOLOLOLOLO
AHAHAHOLOLOLOLOLO
AHAHAHOLOLOLOLOLOLO
AHAHAHOLOLOLOLOLOLOLO
AHAHAHOLOLOLOLOLOLOLOLO
AHAHAHOLOLOLOLOLOLOLOLOLO
AHAHALO
AHAHALOLO
AHAHALOLOLO
AHAHALOLOLOLO
AHAHALOLOLOLOLO
AHAHALOLOLOLOLOLO
AHAHALOLOLOLOLOLOLO
AHAHALOLOLOLOLOLOLOLO
AHAHALOLOLOLOLOLOLOLOLO
AHAHO
AHAHOLO
AHAHOLOLO
AHAHOLOLOLO
AHAHOLOLOLOLO
AHAHOLOLOLOLOLO
AHAHOLOLOLOLOLOLO
AHAHOLOLOLOLOLOLOLO
AHAHOLOLOLOLOLOLOLOLO
AHAHOLOLOLOLOLOLOLOLOLO
AHALO
AHALOLO
AHALOLOLO
AHALOLOLOLO
AHALOLOLOLOLO
AHALOLOLOLOLOLO
AHALOLOLOLOLOLOLO
AHALOLOLOLOLOLOLOLO
AHALOLOLOLOLOLOLOLOLO
AHO
AHOLO
AHOLOLO
AHOLOLOLO
AHOLOLOLOLO
AHOLOLOLOLOLO
AHOLOLOLOLOLOLO
AHOLOLOLOLOLOLOLO
AHOLOLOLOLOLOLOLOLO
AHOLOLOLOLOLOLOLOLOLO
ALO
ALOLO
ALOLOLO
ALOLOLOLO
ALOLOLOLOLO
ALOLOLOLOLOLO
ALOLOLOLOLOLOLO
ALOLOLOLOLOLOLOLO
ALOLOLOLOLOLOLOLOLO
LAH
LAHAH
LAHAHAH
LAHAHAHAH
LAHAHAHAHAH
LAHAHAHAHAHAH
LAHAHAHAHAHAHAH
LAHAHAHAHAHAHAHAH
LAHAHAHAHAHAHAHAHAH
LOH
LOHAH
LOHAHAH
LOHAHAHAH
LOHAHAHAHAH
LOHAHAHAHAHAH
LOHAHAHAHAHAHAH
LOHAHAHAHAHAHAHAH
LOHAHAHAHAHAHAHAHAH
LOHAHAHAHAHAHAHAHAHAH
LOLAH
LOLAHAH
LOLAHAHAH
LOLAHAHAHAH
LOLAHAHAHAHAH
LOLAHAHAHAHAHAH
LOLAHAHAHAHAHAHAH
LOLAHAHAHAHAHAHAHAH
LOLAHAHAHAHAHAHAHAHAH
LOLOH
LOLOHAH
LOLOHAHAH
LOLOHAHAHAH
LOLOHAHAHAHAH
LOLOHAHAHAHAHAH
LOLOHAHAHAHAHAHAH
LOLOHAHAHAHAHAHAHAH
LOLOHAHAHAHAHAHAHAHAH
LOLOHAHAHAHAHAHAHAHAHAH
LOLOLAH
LOLOLAHAH
LOLOLAHAHAH
LOLOLAHAHAHAH
LOLOLAHAHAHAHAH
LOLOLAHAHAHAHAHAH
LOLOLAHAHAHAHAHAHAH
LOLOLAHAHAHAHAHAHAHAH
LOLOLAHAHAHAHAHAHAHAHAH
LOLOLOH
LOLOLOHAH
LOLOLOHAHAH
LOLOLOHAHAHAH
LOLOLOHAHAHAHAH
LOLOLOHAHAHAHAHAH
LOLOLOHAHAHAHAHAHAH
LOLOLOHAHAHAHAHAHAHAH
LOLOLOHAHAHAHAHAHAHAHAH
LOLOLOHAHAHAHAHAHAHAHAHAH
LOLOLOLAH
LOLOLOLAHAH
LOLOLOLAHAHAH
LOLOLOLAHAHAHAH
LOLOLOLAHAHAHAHAH
LOLOLOLAHAHAHAHAHAH
LOLOLOLAHAHAHAHAHAHAH
LOLOLOLAHAHAHAHAHAHAHAH
LOLOLOLAHAHAHAHAHAHAHAHAH
LOLOLOLOH
LOLOLOLOHAH
LOLOLOLOHAHAH
LOLOLOLOHAHAHAH
LOLOLOLOHAHAHAHAH
LOLOLOLOHAHAHAHAHAH
LOLOLOLOHAHAHAHAHAHAH
LOLOLOLOHAHAHAHAHAHAHAH
LOLOLOLOHAHAHAHAHAHAHAHAH
LOLOLOLOHAHAHAHAHAHAHAHAHAH
LOLOLOLOLAH
LOLOLOLOLAHAH
LOLOLOLOLAHAHAH
LOLOLOLOLAHAHAHAH
LOLOLOLOLAHAHAHAHAH
LOLOLOLOLAHAHAHAHAHAH
LOLOLOLOLAHAHAHAHAHAHAH
LOLOLOLOLAHAHAHAHAHAHAHAH
LOLOLOLOLAHAHAHAHAHAHAHAHAH
LOLOLOLOLOH
LOLOLOLOLOHAH
LOLOLOLOLOHAHAH
LOLOLOLOLOHAHAHAH
LOLOLOLOLOHAHAHAHAH
LOLOLOLOLOHAHAHAHAHAH
LOLOLOLOLOHAHAHAHAHAHAH
LOLOLOLOLOHAHAHAHAHAHAHAH
LOLOLOLOLOHAHAHAHAHAHAHAHAH
LOLOLOLOLOHAHAHAHAHAHAHAHAHAH
LOLOLOLOLOLAH
LOLOLOLOLOLAHAH
LOLOLOLOLOLAHAHAH
LOLOLOLOLOLAHAHAHAH
LOLOLOLOLOLAHAHAHAHAH
LOLOLOLOLOLAHAHAHAHAHAH
LOLOLOLOLOLAHAHAHAHAHAHAH
LOLOLOLOLOLAHAHAHAHAHAHAHAH
LOLOLOLOLOLAHAHAHAHAHAHAHAHAH
LOLOLOLOLOLOH
LOLOLOLOLOLOHAH
LOLOLOLOLOLOHAHAH
LOLOLOLOLOLOHAHAHAH
LOLOLOLOLOLOHAHAHAHAH
LOLOLOLOLOLOHAHAHAHAHAH
LOLOLOLOLOLOHAHAHAHAHAHAH
LOLOLOLOLOLOHAHAHAHAHAHAHAH
LOLOLOLOLOLOHAHAHAHAHAHAHAHAH
LOLOLOLOLOLOHAHAHAHAHAHAHAHAHAH
LOLOLOLOLOLOLAH
LOLOLOLOLOLOLAHAH
LOLOLOLOLOLOLAHAHAH
LOLOLOLOLOLOLAHAHAHAH
LOLOLOLOLOLOLAHAHAHAHAH
LOLOLOLOLOLOLAHAHAHAHAHAH
LOLOLOLOLOLOLAHAHAHAHAHAHAH
LOLOLOLOLOLOLAHAHAHAHAHAHAHAH
LOLOLOLOLOLOLAHAHAHAHAHAHAHAHAH
LOLOLOLOLOLOLOH
LOLOLOLOLOLOLOHAH
LOLOLOLOLOLOLOHAHAH
LOLOLOLOLOLOLOHAHAHAH
LOLOLOLOLOLOLOHAHAHAHAH
LOLOLOLOLOLOLOHAHAHAHAHAH
LOLOLOLOLOLOLOHAHAHAHAHAHAH
LOLOLOLOLOLOLOHAHAHAHAHAHAHAH
LOLOLOLOLOLOLOHAHAHAHAHAHAHAHAH
LOLOLOLOLOLOLOHAHAHAHAHAHAHAHAHAH
LOLOLOLOLOLOLOLAH
LOLOLOLOLOLOLOLAHAH
LOLOLOLOLOLOLOLAHAHAH
LOLOLOLOLOLOLOLAHAHAHAH
LOLOLOLOLOLOLOLAHAHAHAHAH
LOLOLOLOLOLOLOLAHAHAHAHAHAH
LOLOLOLOLOLOLOLAHAHAHAHAHAHAH
LOLOLOLOLOLOLOLAHAHAHAHAHAHAHAH
LOLOLOLOLOLOLOLAHAHAHAHAHAHAHAHAH
LOLOLOLOLOLOLOLOH
LOLOLOLOLOLOLOLOHAH
LOLOLOLOLOLOLOLOHAHAH
LOLOLOLOLOLOLOLOHAHAHAH
LOLOLOLOLOLOLOLOHAHAHAHAH
LOLOLOLOLOLOLOLOHAHAHAHAHAH
LOLOLOLOLOLOLOLOHAHAHAHAHAHAH
LOLOLOLOLOLOLOLOHAHAHAHAHAHAHAH
LOLOLOLOLOLOLOLOHAHAHAHAHAHAHAHAH
LOLOLOLOLOLOLOLOHAHAHAHAHAHAHAHAHAH
LOLOLOLOLOLOLOLOLAH
LOLOLOLOLOLOLOLOLAHAH
LOLOLOLOLOLOLOLOLAHAHAH
LOLOLOLOLOLOLOLOLAHAHAHAH
LOLOLOLOLOLOLOLOLAHAHAHAHAH
LOLOLOLOLOLOLOLOLAHAHAHAHAHAH
LOLOLOLOLOLOLOLOLAHAHAHAHAHAHAH
LOLOLOLOLOLOLOLOLAHAHAHAHAHAHAHAH
LOLOLOLOLOLOLOLOLAHAHAHAHAHAHAHAHAH
LOLOLOLOLOLOLOLOLOH
LOLOLOLOLOLOLOLOLOHAH
LOLOLOLOLOLOLOLOLOHAHAH
LOLOLOLOLOLOLOLOLOHAHAHAH
LOLOLOLOLOLOLOLOLOHAHAHAHAH
LOLOLOLOLOLOLOLOLOHAHAHAHAHAH
LOLOLOLOLOLOLOLOLOHAHAHAHAHAHAH
LOLOLOLOLOLOLOLOLOHAHAHAHAHAHAHAH
LOLOLOLOLOLOLOLOLOHAHAHAHAHAHAHAHAH
LOLOLOLOLOLOLOLOLOHAHAHAHAHAHAHAHAHAH
LOLOLOLOLOLOLOLOLOLAH
LOLOLOLOLOLOLOLOLOLAHAH
LOLOLOLOLOLOLOLOLOLAHAHAH
LOLOLOLOLOLOLOLOLOLAHAHAHAH
LOLOLOLOLOLOLOLOLOLAHAHAHAHAH
LOLOLOLOLOLOLOLOLOLAHAHAHAHAHAH
LOLOLOLOLOLOLOLOLOLAHAHAHAHAHAHAH
LOLOLOLOLOLOLOLOLOLAHAHAHAHAHAHAHAH
LOLOLOLOLOLOLOLOLOLAHAHAHAHAHAHAHAHAH

Couple #13: 722 possible names
EBCKLMNQRSDFGHJTVWP
ECKLMNQRSDFGHJTVWP
EDFGHJTVWP
EFGHJTVWP
EGHJTVWP
EHJTVWP
EIBCKLMNQRSDFGHJTVWP
EICKLMNQRSDFGHJTVWP
EIDFGHJTVWP
EIFGHJTVWP
EIGHJTVWP
EIHJTVWP
EIJTVWP
EIKLMNQRSDFGHJTVWP
EILMNQRSDFGHJTVWP
EIMNQRSDFGHJTVWP
EINQRSDFGHJTVWP
EIOBCKLMNQRSDFGHJTVWP
EIOCKLMNQRSDFGHJTVWP
EIODFGHJTVWP
EIOFGHJTVWP
EIOGHJTVWP
EIOHJTVWP
EIOIBCKLMNQRSDFGHJTVWP
EIOICKLMNQRSDFGHJTVWP
EIOIDFGHJTVWP
EIOIFGHJTVWP
EIOIGHJTVWP
EIOIHJTVWP
EIOIJTVWP
EIOIKLMNQRSDFGHJTVWP
EIOILMNQRSDFGHJTVWP
EIOIMNQRSDFGHJTVWP
EIOINQRSDFGHJTVWP
EIOIP
EIOIQRSDFGHJTVWP
EIOIRSDFGHJTVWP
EIOISDFGHJTVWP
EIOITVWP
EIOIUBCKLMNQRSDFGHJTVWP
EIOIUCKLMNQRSDFGHJTVWP
EIOIUDFGHJTVWP
EIOIUFGHJTVWP
EIOIUGHJTVWP
EIOIUHJTVWP
EIOIUIBCKLMNQRSDFGHJTVWP
EIOIUICKLMNQRSDFGHJTVWP
EIOIUIDFGHJTVWP
EIOIUIEBCKLMNQRSDFGHJTVWP
EIOIUIECKLMNQRSDFGHJTVWP
EIOIUIEDFGHJTVWP
EIOIUIEFGHJTVWP
EIOIUIEGHJTVWP
EIOIUIEHJTVWP
EIOIUIEJTVWP
EIOIUIEKLMNQRSDFGHJTVWP
EIOIUIELMNQRSDFGHJTVWP
EIOIUIEMNQRSDFGHJTVWP
EIOIUIENQRSDFGHJTVWP
EIOIUIEOABCKLMNQRSDFGHJTVWP
EIOIUIEOACKLMNQRSDFGHJTVWP
EIOIUIEOADFGHJTVWP
EIOIUIEOAEBCKLMNQRSDFGHJTVWP
EIOIUIEOAECKLMNQRSDFGHJTVWP
EIOIUIEOAEDFGHJTVWP
EIOIUIEOAEFGHJTVWP
EIOIUIEOAEGHJTVWP
EIOIUIEOAEHJTVWP
EIOIUIEOAEJTVWP
EIOIUIEOAEKLMNQRSDFGHJTVWP
EIOIUIEOAELMNQRSDFGHJTVWP
EIOIUIEOAEMNQRSDFGHJTVWP
EIOIUIEOAENQRSDFGHJTVWP
EIOIUIEOAEOBCKLMNQRSDFGHJTVWP
EIOIUIEOAEOCKLMNQRSDFGHJTVWP
EIOIUIEOAEODFGHJTVWP
EIOIUIEOAEOFGHJTVWP
EIOIUIEOAEOGHJTVWP
EIOIUIEOAEOHJTVWP
EIOIUIEOAEOJTVWP
EIOIUIEOAEOKLMNQRSDFGHJTVWP
EIOIUIEOAEOLMNQRSDFGHJTVWP
EIOIUIEOAEOMNQRSDFGHJTVWP
EIOIUIEOAEONQRSDFGHJTVWP
EIOIUIEOAEOP
EIOIUIEOAEOQRSDFGHJTVWP
EIOIUIEOAEORSDFGHJTVWP
EIOIUIEOAEOSDFGHJTVWP
EIOIUIEOAEOTVWP
EIOIUIEOAEOUBCKLMNQRSDFGHJTVWP
EIOIUIEOAEOUCKLMNQRSDFGHJTVWP
EIOIUIEOAEOUDFGHJTVWP
EIOIUIEOAEOUFGHJTVWP
EIOIUIEOAEOUGHJTVWP
EIOIUIEOAEOUHJTVWP
EIOIUIEOAEOUJTVWP
EIOIUIEOAEOUKLMNQRSDFGHJTVWP
EIOIUIEOAEOULMNQRSDFGHJTVWP
EIOIUIEOAEOUMNQRSDFGHJTVWP
EIOIUIEOAEOUNQRSDFGHJTVWP
EIOIUIEOAEOUOBCKLMNQRSDFGHJTVWP
EIOIUIEOAEOUOCKLMNQRSDFGHJTVWP
EIOIUIEOAEOUODFGHJTVWP
EIOIUIEOAEOUOFGHJTVWP
EIOIUIEOAEOUOGHJTVWP
EIOIUIEOAEOUOHJTVWP
EIOIUIEOAEOUOIBCKLMNQRSDFGHJTVWP
EIOIUIEOAEOUOICKLMNQRSDFGHJTVWP
EIOIUIEOAEOUOIDFGHJTVWP
EIOIUIEOAEOUOIFGHJTVWP
EIOIUIEOAEOUOIGHJTVWP
EIOIUIEOAEOUOIHJTVWP
EIOIUIEOAEOUOIJTVWP
EIOIUIEOAEOUOIKLMNQRSDFGHJTVWP
EIOIUIEOAEOUOILMNQRSDFGHJTVWP
EIOIUIEOAEOUOIMNQRSDFGHJTVWP
EIOIUIEOAEOUOINQRSDFGHJTVWP
EIOIUIEOAEOUOIOBCKLMNQRSDFGHJTVWP
EIOIUIEOAEOUOIOCKLMNQRSDFGHJTVWP
EIOIUIEOAEOUOIODFGHJTVWP
EIOIUIEOAEOUOIOEBCKLMNQRSDFGHJTVWP
EIOIUIEOAEOUOIOECKLMNQRSDFGHJTVWP
EIOIUIEOAEOUOIOEDFGHJTVWP
EIOIUIEOAEOUOIOEFGHJTVWP
EIOIUIEOAEOUOIOEGHJTVWP
EIOIUIEOAEOUOIOEHJTVWP
EIOIUIEOAEOUOIOEIAABCKLMNQRSDFGHJTVWP
EIOIUIEOAEOUOIOEIAACKLMNQRSDFGHJTVWP
EIOIUIEOAEOUOIOEIAADFGHJTVWP
EIOIUIEOAEOUOIOEIAAFGHJTVWP
EIOIUIEOAEOUOIOEIAAGHJTVWP
EIOIUIEOAEOUOIOEIAAHJTVWP
EIOIUIEOAEOUOIOEIAAJTVWP
EIOIUIEOAEOUOIOEIAAKLMNQRSDFGHJTVWP
EIOIUIEOAEOUOIOEIAALMNQRSDFGHJTVWP
EIOIUIEOAEOUOIOEIAAMNQRSDFGHJTVWP
EIOIUIEOAEOUOIOEIAANQRSDFGHJTVWP
EIOIUIEOAEOUOIOEIAAP
EIOIUIEOAEOUOIOEIAAQRSDFGHJTVWP
EIOIUIEOAEOUOIOEIAARSDFGHJTVWP
EIOIUIEOAEOUOIOEIAASDFGHJTVWP
EIOIUIEOAEOUOIOEIAATVWP
EIOIUIEOAEOUOIOEIAAVWP
EIOIUIEOAEOUOIOEIAAWP
EIOIUIEOAEOUOIOEIAAZBCKLMNQRSDFGHJTVWP
EIOIUIEOAEOUOIOEIABCKLMNQRSDFGHJTVWP
EIOIUIEOAEOUOIOEIACKLMNQRSDFGHJTVWP
EIOIUIEOAEOUOIOEIADFGHJTVWP
EIOIUIEOAEOUOIOEIAFGHJTVWP
EIOIUIEOAEOUOIOEIAGHJTVWP
EIOIUIEOAEOUOIOEIAHJTVWP
EIOIUIEOAEOUOIOEIAJTVWP
EIOIUIEOAEOUOIOEIAKLMNQRSDFGHJTVWP
EIOIUIEOAEOUOIOEIALMNQRSDFGHJTVWP
EIOIUIEOAEOUOIOEIAMNQRSDFGHJTVWP
EIOIUIEOAEOUOIOEIANQRSDFGHJTVWP
EIOIUIEOAEOUOIOEIAP
EIOIUIEOAEOUOIOEIAQRSDFGHJTVWP
EIOIUIEOAEOUOIOEIARSDFGHJTVWP
EIOIUIEOAEOUOIOEIASDFGHJTVWP
EIOIUIEOAEOUOIOEIATVWP
EIOIUIEOAEOUOIOEIAVWP
EIOIUIEOAEOUOIOEIAWP
EIOIUIEOAEOUOIOEIAZBCKLMNQRSDFGHJTVWP
EIOIUIEOAEOUOIOEIBCKLMNQRSDFGHJTVWP
EIOIUIEOAEOUOIOEICKLMNQRSDFGHJTVWP
EIOIUIEOAEOUOIOEIDFGHJTVWP
EIOIUIEOAEOUOIOEIFGHJTVWP
EIOIUIEOAEOUOIOEIGHJTVWP
EIOIUIEOAEOUOIOEIHJTVWP
EIOIUIEOAEOUOIOEIJTVWP
EIOIUIEOAEOUOIOEIKLMNQRSDFGHJTVWP
EIOIUIEOAEOUOIOEILMNQRSDFGHJTVWP
EIOIUIEOAEOUOIOEIMNQRSDFGHJTVWP
EIOIUIEOAEOUOIOEINQRSDFGHJTVWP
EIOIUIEOAEOUOIOEIP
EIOIUIEOAEOUOIOEIQRSDFGHJTVWP
EIOIUIEOAEOUOIOEIRSDFGHJTVWP
EIOIUIEOAEOUOIOEISDFGHJTVWP
EIOIUIEOAEOUOIOEITVWP
EIOIUIEOAEOUOIOEIVWP
EIOIUIEOAEOUOIOEIWP
EIOIUIEOAEOUOIOEIZBCKLMNQRSDFGHJTVWP
EIOIUIEOAEOUOIOEJTVWP
EIOIUIEOAEOUOIOEKLMNQRSDFGHJTVWP
EIOIUIEOAEOUOIOELMNQRSDFGHJTVWP
EIOIUIEOAEOUOIOEMNQRSDFGHJTVWP
EIOIUIEOAEOUOIOENQRSDFGHJTVWP
EIOIUIEOAEOUOIOEP
EIOIUIEOAEOUOIOEQRSDFGHJTVWP
EIOIUIEOAEOUOIOERSDFGHJTVWP
EIOIUIEOAEOUOIOESDFGHJTVWP
EIOIUIEOAEOUOIOETVWP
EIOIUIEOAEOUOIOEVWP
EIOIUIEOAEOUOIOEWP
EIOIUIEOAEOUOIOEZBCKLMNQRSDFGHJTVWP
EIOIUIEOAEOUOIOFGHJTVWP
EIOIUIEOAEOUOIOGHJTVWP
EIOIUIEOAEOUOIOHJTVWP
EIOIUIEOAEOUOIOJTVWP
EIOIUIEOAEOUOIOKLMNQRSDFGHJTVWP
EIOIUIEOAEOUOIOLMNQRSDFGHJTVWP
EIOIUIEOAEOUOIOMNQRSDFGHJTVWP
EIOIUIEOAEOUOIONQRSDFGHJTVWP
EIOIUIEOAEOUOIOP
EIOIUIEOAEOUOIOQRSDFGHJTVWP
EIOIUIEOAEOUOIORSDFGHJTVWP
EIOIUIEOAEOUOIOSDFGHJTVWP
EIOIUIEOAEOUOIOTVWP
EIOIUIEOAEOUOIOVWP
EIOIUIEOAEOUOIOWP
EIOIUIEOAEOUOIOZBCKLMNQRSDFGHJTVWP
EIOIUIEOAEOUOIP
EIOIUIEOAEOUOIQRSDFGHJTVWP
EIOIUIEOAEOUOIRSDFGHJTVWP
EIOIUIEOAEOUOISDFGHJTVWP
EIOIUIEOAEOUOITVWP
EIOIUIEOAEOUOIVWP
EIOIUIEOAEOUOIWP
EIOIUIEOAEOUOIZBCKLMNQRSDFGHJTVWP
EIOIUIEOAEOUOJTVWP
EIOIUIEOAEOUOKLMNQRSDFGHJTVWP
EIOIUIEOAEOUOLMNQRSDFGHJTVWP
EIOIUIEOAEOUOMNQRSDFGHJTVWP
EIOIUIEOAEOUONQRSDFGHJTVWP
EIOIUIEOAEOUOP
EIOIUIEOAEOUOQRSDFGHJTVWP
EIOIUIEOAEOUORSDFGHJTVWP
EIOIUIEOAEOUOSDFGHJTVWP
EIOIUIEOAEOUOTVWP
EIOIUIEOAEOUOVWP
EIOIUIEOAEOUOWP
EIOIUIEOAEOUOZBCKLMNQRSDFGHJTVWP
EIOIUIEOAEOUP
EIOIUIEOAEOUQRSDFGHJTVWP
EIOIUIEOAEOURSDFGHJTVWP
EIOIUIEOAEOUSDFGHJTVWP
EIOIUIEOAEOUTVWP
EIOIUIEOAEOUVWP
EIOIUIEOAEOUWP
EIOIUIEOAEOUZBCKLMNQRSDFGHJTVWP
EIOIUIEOAEOVWP
EIOIUIEOAEOWP
EIOIUIEOAEOZBCKLMNQRSDFGHJTVWP
EIOIUIEOAEP
EIOIUIEOAEQRSDFGHJTVWP
EIOIUIEOAERSDFGHJTVWP
EIOIUIEOAESDFGHJTVWP
EIOIUIEOAETVWP
EIOIUIEOAEVWP
EIOIUIEOAEWP
EIOIUIEOAEZBCKLMNQRSDFGHJTVWP
EIOIUIEOAFGHJTVWP
EIOIUIEOAGHJTVWP
EIOIUIEOAHJTVWP
EIOIUIEOAJTVWP
EIOIUIEOAKLMNQRSDFGHJTVWP
EIOIUIEOALMNQRSDFGHJTVWP
EIOIUIEOAMNQRSDFGHJTVWP
EIOIUIEOANQRSDFGHJTVWP
EIOIUIEOAP
EIOIUIEOAQRSDFGHJTVWP
EIOIUIEOARSDFGHJTVWP
EIOIUIEOASDFGHJTVWP
EIOIUIEOATVWP
EIOIUIEOAVWP
EIOIUIEOAWP
EIOIUIEOAZBCKLMNQRSDFGHJTVWP
EIOIUIEOBCKLMNQRSDFGHJTVWP
EIOIUIEOCKLMNQRSDFGHJTVWP
EIOIUIEODFGHJTVWP
EIOIUIEOFGHJTVWP
EIOIUIEOGHJTVWP
EIOIUIEOHJTVWP
EIOIUIEOJTVWP
EIOIUIEOKLMNQRSDFGHJTVWP
EIOIUIEOLMNQRSDFGHJTVWP
EIOIUIEOMNQRSDFGHJTVWP
EIOIUIEONQRSDFGHJTVWP
EIOIUIEOP
EIOIUIEOQRSDFGHJTVWP
EIOIUIEORSDFGHJTVWP
EIOIUIEOSDFGHJTVWP
EIOIUIEOTVWP
EIOIUIEOVWP
EIOIUIEOWP
EIOIUIEOZBCKLMNQRSDFGHJTVWP
EIOIUIEP
EIOIUIEQRSDFGHJTVWP
EIOIUIERSDFGHJTVWP
EIOIUIESDFGHJTVWP
EIOIUIETVWP
EIOIUIEVWP
EIOIUIEWP
EIOIUIEZBCKLMNQRSDFGHJTVWP
EIOIUIFGHJTVWP
EIOIUIGHJTVWP
EIOIUIHJTVWP
EIOIUIJTVWP
EIOIUIKLMNQRSDFGHJTVWP
EIOIUILMNQRSDFGHJTVWP
EIOIUIMNQRSDFGHJTVWP
EIOIUINQRSDFGHJTVWP
EIOIUIP
EIOIUIQRSDFGHJTVWP
EIOIUIRSDFGHJTVWP
EIOIUISDFGHJTVWP
EIOIUITVWP
EIOIUIVWP
EIOIUIWP
EIOIUIZBCKLMNQRSDFGHJTVWP
EIOIUJTVWP
EIOIUKLMNQRSDFGHJTVWP
EIOIULMNQRSDFGHJTVWP
EIOIUMNQRSDFGHJTVWP
EIOIUNQRSDFGHJTVWP
EIOIUP
EIOIUQRSDFGHJTVWP
EIOIURSDFGHJTVWP
EIOIUSDFGHJTVWP
EIOIUTVWP
EIOIUVWP
EIOIUWP
EIOIUZBCKLMNQRSDFGHJTVWP
EIOIVWP
EIOIWP
EIOIZBCKLMNQRSDFGHJTVWP
EIOJTVWP
EIOKLMNQRSDFGHJTVWP
EIOLMNQRSDFGHJTVWP
EIOMNQRSDFGHJTVWP
EIONQRSDFGHJTVWP
EIOP
EIOQRSDFGHJTVWP
EIORSDFGHJTVWP
EIOSDFGHJTVWP
EIOTVWP
EIOVWP
EIOWP
EIOZBCKLMNQRSDFGHJTVWP
EIP
EIQRSDFGHJTVWP
EIRSDFGHJTVWP
EISDFGHJTVWP
EITVWP
EIVWP
EIWP
EIZBCKLMNQRSDFGHJTVWP
EJTVWP
EKLMNQRSDFGHJTVWP
ELMNQRSDFGHJTVWP
EMNQRSDFGHJTVWP
ENQRSDFGHJTVWP
EP
EQRSDFGHJTVWP
ERSDFGHJTVWP
ESDFGHJTVWP
ETVWP
EVWP
EWP
EZBCKLMNQRSDFGHJTVWP
YAAU
YAEOUOIOEIAAU
YAU
YEIAAU
YEOAEOUOIOEIAAU
YEOUOIOEIAAU
YIAAU
YIEOAEOUOIOEIAAU
YIOEIAAU
YIOIUIEOAEOUOIOEIAAU
YIUIEOAEOUOIOEIAAU
YOAEOUOIOEIAAU
YOEIAAU
YOIOEIAAU
YOIUIEOAEOUOIOEIAAU
YOUOIOEIAAU
YU
YUIEOAEOUOIOEIAAU
YUOIOEIAAU
YZAAU
YZAEOUOIOEIAAU
YZAU
YZBAAU
YZBAEOUOIOEIAAU
YZBAU
YZBCAAU
YZBCAEOUOIOEIAAU
YZBCAU
YZBCEIAAU
YZBCEOAEOUOIOEIAAU
YZBCEOUOIOEIAAU
YZBCIAAU
YZBCIEOAEOUOIOEIAAU
YZBCIOEIAAU
YZBCIOIUIEOAEOUOIOEIAAU
YZBCIUIEOAEOUOIOEIAAU
YZBCKAAU
YZBCKAEOUOIOEIAAU
YZBCKAU
YZBCKEIAAU
YZBCKEOAEOUOIOEIAAU
YZBCKEOUOIOEIAAU
YZBCKIAAU
YZBCKIEOAEOUOIOEIAAU
YZBCKIOEIAAU
YZBCKIOIUIEOAEOUOIOEIAAU
YZBCKIUIEOAEOUOIOEIAAU
YZBCKLAAU
YZBCKLAEOUOIOEIAAU
YZBCKLAU
YZBCKLEIAAU
YZBCKLEOAEOUOIOEIAAU
YZBCKLEOUOIOEIAAU
YZBCKLIAAU
YZBCKLIEOAEOUOIOEIAAU
YZBCKLIOEIAAU
YZBCKLIOIUIEOAEOUOIOEIAAU
YZBCKLIUIEOAEOUOIOEIAAU
YZBCKLMAAU
YZBCKLMAEOUOIOEIAAU
YZBCKLMAU
YZBCKLMEIAAU
YZBCKLMEOAEOUOIOEIAAU
YZBCKLMEOUOIOEIAAU
YZBCKLMIAAU
YZBCKLMIEOAEOUOIOEIAAU
YZBCKLMIOEIAAU
YZBCKLMIOIUIEOAEOUOIOEIAAU
YZBCKLMIUIEOAEOUOIOEIAAU
YZBCKLMNAAU
YZBCKLMNAEOUOIOEIAAU
YZBCKLMNAU
YZBCKLMNEIAAU
YZBCKLMNEOAEOUOIOEIAAU
YZBCKLMNEOUOIOEIAAU
YZBCKLMNIAAU
YZBCKLMNIEOAEOUOIOEIAAU
YZBCKLMNIOEIAAU
YZBCKLMNIOIUIEOAEOUOIOEIAAU
YZBCKLMNIUIEOAEOUOIOEIAAU
YZBCKLMNOAEOUOIOEIAAU
YZBCKLMNOEIAAU
YZBCKLMNOIOEIAAU
YZBCKLMNOIUIEOAEOUOIOEIAAU
YZBCKLMNOUOIOEIAAU
YZBCKLMNQAAU
YZBCKLMNQAEOUOIOEIAAU
YZBCKLMNQAU
YZBCKLMNQEIAAU
YZBCKLMNQEOAEOUOIOEIAAU
YZBCKLMNQEOUOIOEIAAU
YZBCKLMNQIAAU
YZBCKLMNQIEOAEOUOIOEIAAU
YZBCKLMNQIOEIAAU
YZBCKLMNQIOIUIEOAEOUOIOEIAAU
YZBCKLMNQIUIEOAEOUOIOEIAAU
YZBCKLMNQOAEOUOIOEIAAU
YZBCKLMNQOEIAAU
YZBCKLMNQOIOEIAAU
YZBCKLMNQOIUIEOAEOUOIOEIAAU
YZBCKLMNQOUOIOEIAAU
YZBCKLMNQRAAU
YZBCKLMNQRAEOUOIOEIAAU
YZBCKLMNQRAU
YZBCKLMNQREIAAU
YZBCKLMNQREOAEOUOIOEIAAU
YZBCKLMNQREOUOIOEIAAU
YZBCKLMNQRIAAU
YZBCKLMNQRIEOAEOUOIOEIAAU
YZBCKLMNQRIOEIAAU
YZBCKLMNQRIOIUIEOAEOUOIOEIAAU
YZBCKLMNQRIUIEOAEOUOIOEIAAU
YZBCKLMNQROAEOUOIOEIAAU
YZBCKLMNQROEIAAU
YZBCKLMNQROIOEIAAU
YZBCKLMNQROIUIEOAEOUOIOEIAAU
YZBCKLMNQROUOIOEIAAU
YZBCKLMNQRSAAU
YZBCKLMNQRSAEOUOIOEIAAU
YZBCKLMNQRSAU
YZBCKLMNQRSDAAU
YZBCKLMNQRSDAEOUOIOEIAAU
YZBCKLMNQRSDAU
YZBCKLMNQRSDEIAAU
YZBCKLMNQRSDEOAEOUOIOEIAAU
YZBCKLMNQRSDEOUOIOEIAAU
YZBCKLMNQRSDFAAU
YZBCKLMNQRSDFAEOUOIOEIAAU
YZBCKLMNQRSDFAU
YZBCKLMNQRSDFEIAAU
YZBCKLMNQRSDFEOAEOUOIOEIAAU
YZBCKLMNQRSDFEOUOIOEIAAU
YZBCKLMNQRSDFGAAU
YZBCKLMNQRSDFGAEOUOIOEIAAU
YZBCKLMNQRSDFGAU
YZBCKLMNQRSDFGEIAAU
YZBCKLMNQRSDFGEOAEOUOIOEIAAU
YZBCKLMNQRSDFGEOUOIOEIAAU
YZBCKLMNQRSDFGHAAU
YZBCKLMNQRSDFGHAEOUOIOEIAAU
YZBCKLMNQRSDFGHAU
YZBCKLMNQRSDFGHEIAAU
YZBCKLMNQRSDFGHEOAEOUOIOEIAAU
YZBCKLMNQRSDFGHEOUOIOEIAAU
YZBCKLMNQRSDFGHIAAU
YZBCKLMNQRSDFGHIEOAEOUOIOEIAAU
YZBCKLMNQRSDFGHIOEIAAU
YZBCKLMNQRSDFGHIOIUIEOAEOUOIOEIAAU
YZBCKLMNQRSDFGHIUIEOAEOUOIOEIAAU
YZBCKLMNQRSDFGHJAAU
YZBCKLMNQRSDFGHJAEOUOIOEIAAU
YZBCKLMNQRSDFGHJAU
YZBCKLMNQRSDFGHJEIAAU
YZBCKLMNQRSDFGHJEOAEOUOIOEIAAU
YZBCKLMNQRSDFGHJEOUOIOEIAAU
YZBCKLMNQRSDFGHJIAAU
YZBCKLMNQRSDFGHJIEOAEOUOIOEIAAU
YZBCKLMNQRSDFGHJIOEIAAU
YZBCKLMNQRSDFGHJIOIUIEOAEOUOIOEIAAU
YZBCKLMNQRSDFGHJIUIEOAEOUOIOEIAAU
YZBCKLMNQRSDFGHJOAEOUOIOEIAAU
YZBCKLMNQRSDFGHJOEIAAU
YZBCKLMNQRSDFGHJOIOEIAAU
YZBCKLMNQRSDFGHJOIUIEOAEOUOIOEIAAU
YZBCKLMNQRSDFGHJOUOIOEIAAU
YZBCKLMNQRSDFGHJTAAU
YZBCKLMNQRSDFGHJTAEOUOIOEIAAU
YZBCKLMNQRSDFGHJTAU
YZBCKLMNQRSDFGHJTEIAAU
YZBCKLMNQRSDFGHJTEOAEOUOIOEIAAU
YZBCKLMNQRSDFGHJTEOUOIOEIAAU
YZBCKLMNQRSDFGHJTIAAU
YZBCKLMNQRSDFGHJTIEOAEOUOIOEIAAU
YZBCKLMNQRSDFGHJTIOEIAAU
YZBCKLMNQRSDFGHJTIOIUIEOAEOUOIOEIAAU
YZBCKLMNQRSDFGHJTIUIEOAEOUOIOEIAAU
YZBCKLMNQRSDFGHJTOAEOUOIOEIAAU
YZBCKLMNQRSDFGHJTOEIAAU
YZBCKLMNQRSDFGHJTOIOEIAAU
YZBCKLMNQRSDFGHJTOIUIEOAEOUOIOEIAAU
YZBCKLMNQRSDFGHJTOUOIOEIAAU
YZBCKLMNQRSDFGHJTU
YZBCKLMNQRSDFGHJTUIEOAEOUOIOEIAAU
YZBCKLMNQRSDFGHJTUOIOEIAAU
YZBCKLMNQRSDFGHJTVAAU
YZBCKLMNQRSDFGHJTVAEOUOIOEIAAU
YZBCKLMNQRSDFGHJTVAU
YZBCKLMNQRSDFGHJTVEIAAU
YZBCKLMNQRSDFGHJTVEOAEOUOIOEIAAU
YZBCKLMNQRSDFGHJTVEOUOIOEIAAU
YZBCKLMNQRSDFGHJTVIAAU
YZBCKLMNQRSDFGHJTVIEOAEOUOIOEIAAU
YZBCKLMNQRSDFGHJTVIOEIAAU
YZBCKLMNQRSDFGHJTVIOIUIEOAEOUOIOEIAAU
YZBCKLMNQRSDFGHJTVIUIEOAEOUOIOEIAAU
YZBCKLMNQRSDFGHJTVOAEOUOIOEIAAU
YZBCKLMNQRSDFGHJTVOEIAAU
YZBCKLMNQRSDFGHJTVOIOEIAAU
YZBCKLMNQRSDFGHJTVOIUIEOAEOUOIOEIAAU
YZBCKLMNQRSDFGHJTVOUOIOEIAAU
YZBCKLMNQRSDFGHJTVU
YZBCKLMNQRSDFGHJTVUIEOAEOUOIOEIAAU
YZBCKLMNQRSDFGHJTVUOIOEIAAU
YZBCKLMNQRSDFGHJTVWAAU
YZBCKLMNQRSDFGHJTVWAEOUOIOEIAAU
YZBCKLMNQRSDFGHJTVWAU
YZBCKLMNQRSDFGHJTVWEIAAU
YZBCKLMNQRSDFGHJTVWEOAEOUOIOEIAAU
YZBCKLMNQRSDFGHJTVWEOUOIOEIAAU
YZBCKLMNQRSDFGHJTVWIAAU
YZBCKLMNQRSDFGHJTVWIEOAEOUOIOEIAAU
YZBCKLMNQRSDFGHJTVWIOEIAAU
YZBCKLMNQRSDFGHJTVWIOIUIEOAEOUOIOEIAAU
YZBCKLMNQRSDFGHJTVWIUIEOAEOUOIOEIAAU
YZBCKLMNQRSDFGHJTVWOAEOUOIOEIAAU
YZBCKLMNQRSDFGHJTVWOEIAAU
YZBCKLMNQRSDFGHJTVWOIOEIAAU
YZBCKLMNQRSDFGHJTVWOIUIEOAEOUOIOEIAAU
YZBCKLMNQRSDFGHJTVWOUOIOEIAAU
YZBCKLMNQRSDFGHJTVWU
YZBCKLMNQRSDFGHJTVWUIEOAEOUOIOEIAAU
YZBCKLMNQRSDFGHJTVWUOIOEIAAU
YZBCKLMNQRSDFGHJU
YZBCKLMNQRSDFGHJUIEOAEOUOIOEIAAU
YZBCKLMNQRSDFGHJUOIOEIAAU
YZBCKLMNQRSDFGHOAEOUOIOEIAAU
YZBCKLMNQRSDFGHOEIAAU
YZBCKLMNQRSDFGHOIOEIAAU
YZBCKLMNQRSDFGHOIUIEOAEOUOIOEIAAU
YZBCKLMNQRSDFGHOUOIOEIAAU
YZBCKLMNQRSDFGHU
YZBCKLMNQRSDFGHUIEOAEOUOIOEIAAU
YZBCKLMNQRSDFGHUOIOEIAAU
YZBCKLMNQRSDFGIAAU
YZBCKLMNQRSDFGIEOAEOUOIOEIAAU
YZBCKLMNQRSDFGIOEIAAU
YZBCKLMNQRSDFGIOIUIEOAEOUOIOEIAAU
YZBCKLMNQRSDFGIUIEOAEOUOIOEIAAU
YZBCKLMNQRSDFGOAEOUOIOEIAAU
YZBCKLMNQRSDFGOEIAAU
YZBCKLMNQRSDFGOIOEIAAU
YZBCKLMNQRSDFGOIUIEOAEOUOIOEIAAU
YZBCKLMNQRSDFGOUOIOEIAAU
YZBCKLMNQRSDFGU
YZBCKLMNQRSDFGUIEOAEOUOIOEIAAU
YZBCKLMNQRSDFGUOIOEIAAU
YZBCKLMNQRSDFIAAU
YZBCKLMNQRSDFIEOAEOUOIOEIAAU
YZBCKLMNQRSDFIOEIAAU
YZBCKLMNQRSDFIOIUIEOAEOUOIOEIAAU
YZBCKLMNQRSDFIUIEOAEOUOIOEIAAU
YZBCKLMNQRSDFOAEOUOIOEIAAU
YZBCKLMNQRSDFOEIAAU
YZBCKLMNQRSDFOIOEIAAU
YZBCKLMNQRSDFOIUIEOAEOUOIOEIAAU
YZBCKLMNQRSDFOUOIOEIAAU
YZBCKLMNQRSDFU
YZBCKLMNQRSDFUIEOAEOUOIOEIAAU
YZBCKLMNQRSDFUOIOEIAAU
YZBCKLMNQRSDIAAU
YZBCKLMNQRSDIEOAEOUOIOEIAAU
YZBCKLMNQRSDIOEIAAU
YZBCKLMNQRSDIOIUIEOAEOUOIOEIAAU
YZBCKLMNQRSDIUIEOAEOUOIOEIAAU
YZBCKLMNQRSDOAEOUOIOEIAAU
YZBCKLMNQRSDOEIAAU
YZBCKLMNQRSDOIOEIAAU
YZBCKLMNQRSDOIUIEOAEOUOIOEIAAU
YZBCKLMNQRSDOUOIOEIAAU
YZBCKLMNQRSDU
YZBCKLMNQRSDUIEOAEOUOIOEIAAU
YZBCKLMNQRSDUOIOEIAAU
YZBCKLMNQRSEIAAU
YZBCKLMNQRSEOAEOUOIOEIAAU
YZBCKLMNQRSEOUOIOEIAAU
YZBCKLMNQRSIAAU
YZBCKLMNQRSIEOAEOUOIOEIAAU
YZBCKLMNQRSIOEIAAU
YZBCKLMNQRSIOIUIEOAEOUOIOEIAAU
YZBCKLMNQRSIUIEOAEOUOIOEIAAU
YZBCKLMNQRSOAEOUOIOEIAAU
YZBCKLMNQRSOEIAAU
YZBCKLMNQRSOIOEIAAU
YZBCKLMNQRSOIUIEOAEOUOIOEIAAU
YZBCKLMNQRSOUOIOEIAAU
YZBCKLMNQRSU
YZBCKLMNQRSUIEOAEOUOIOEIAAU
YZBCKLMNQRSUOIOEIAAU
YZBCKLMNQRU
YZBCKLMNQRUIEOAEOUOIOEIAAU
YZBCKLMNQRUOIOEIAAU
YZBCKLMNQU
YZBCKLMNQUIEOAEOUOIOEIAAU
YZBCKLMNQUOIOEIAAU
YZBCKLMNU
YZBCKLMNUIEOAEOUOIOEIAAU
YZBCKLMNUOIOEIAAU
YZBCKLMOAEOUOIOEIAAU
YZBCKLMOEIAAU
YZBCKLMOIOEIAAU
YZBCKLMOIUIEOAEOUOIOEIAAU
YZBCKLMOUOIOEIAAU
YZBCKLMU
YZBCKLMUIEOAEOUOIOEIAAU
YZBCKLMUOIOEIAAU
YZBCKLOAEOUOIOEIAAU
YZBCKLOEIAAU
YZBCKLOIOEIAAU
YZBCKLOIUIEOAEOUOIOEIAAU
YZBCKLOUOIOEIAAU
YZBCKLU
YZBCKLUIEOAEOUOIOEIAAU
YZBCKLUOIOEIAAU
YZBCKOAEOUOIOEIAAU
YZBCKOEIAAU
YZBCKOIOEIAAU
YZBCKOIUIEOAEOUOIOEIAAU
YZBCKOUOIOEIAAU
YZBCKU
YZBCKUIEOAEOUOIOEIAAU
YZBCKUOIOEIAAU
YZBCOAEOUOIOEIAAU
YZBCOEIAAU
YZBCOIOEIAAU
YZBCOIUIEOAEOUOIOEIAAU
YZBCOUOIOEIAAU
YZBCU
YZBCUIEOAEOUOIOEIAAU
YZBCUOIOEIAAU
YZBEIAAU
YZBEOAEOUOIOEIAAU
YZBEOUOIOEIAAU
YZBIAAU
YZBIEOAEOUOIOEIAAU
YZBIOEIAAU
YZBIOIUIEOAEOUOIOEIAAU
YZBIUIEOAEOUOIOEIAAU
YZBOAEOUOIOEIAAU
YZBOEIAAU
YZBOIOEIAAU
YZBOIUIEOAEOUOIOEIAAU
YZBOUOIOEIAAU
YZBU
YZBUIEOAEOUOIOEIAAU
YZBUOIOEIAAU
YZEIAAU
YZEOAEOUOIOEIAAU
YZEOUOIOEIAAU
YZIAAU
YZIEOAEOUOIOEIAAU
YZIOEIAAU
YZIOIUIEOAEOUOIOEIAAU
YZIUIEOAEOUOIOEIAAU
YZOAEOUOIOEIAAU
YZOEIAAU
YZOIOEIAAU
YZOIUIEOAEOUOIOEIAAU
YZOUOIOEIAAU
YZU
YZUIEOAEOUOIOEIAAU
YZUOIOEIAAU

Couple #14: 19 possible names
CE
CECE
CECECE
CECECECE
CECECECECE
CECECECECECE
CECECECECECECE
CECECECECECECECE
CECECECECECECECECE
CECECECECECECECECECE
CECECECECECECECECECECE
CECECECECECECECECECECECE
CECECECECECECECECECECECECE
CECECECECECECECECECECECECECE
CECECECECECECECECECECECECECECE
CECECECECECECECECECECECECECECECE
CECECECECECECECECECECECECECECECECE
CECECECECECECECECECECECECECECECECECE
CECECECECECECECECECECECECECECECECECECE

Couple #15: 19 possible names
KAJKQLYZVDKCHFD
KEIOPAJKQLYZVDKCHFD
KIOPAJKQLYZVDKCHFD
KOPAJKQLYZVDKCHFD
NKEIOPAJKO
NKEIOPAJKQLO
NKEIOPAJKQLYO
NKEIOPAJKQLYZO
NKEIOPAJKQLYZVDKCHFO
NKEIOPAJKQLYZVDKCHO
NKEIOPAJKQLYZVDKCO
NKEIOPAJKQLYZVDKO
NKEIOPAJKQLYZVDO
NKEIOPAJKQLYZVO
NKEIOPAJKQO
NKEIOPAJO
NKEIOPO
NKO
NO

